<?xml version="1.0" encoding="UTF-8"?>
<!-- Generated by org.testng.reporters.JUnitReportReporter -->
<testsuite hostname="TVDI-014" failures="0" tests="5" name="org.tests.UserTest" time="10.996" errors="0" timestamp="2023-06-01T12:50:07 IST" skipped="0">
  <testcase classname="org.tests.UserTest" name="testCreateUser" time="5.271"/>
  <system-out/>
  <testcase classname="org.tests.UserTest" name="testReadUser" time="1.220"/>
  <system-out/>
  <testcase classname="org.tests.UserTest" name="testUpdateUser" time="1.199"/>
  <system-out/>
  <testcase classname="org.tests.UserTest" name="testReadUserAfterUpdate" time="2.106"/>
  <system-out/>
  <testcase classname="org.tests.UserTest" name="testDeleteUser" time="1.200"/>
  <system-out/>
</testsuite> <!-- org.tests.UserTest -->
