<?xml version="1.0" encoding="UTF-8"?>
<!-- Generated by org.testng.reporters.JUnitReportReporter -->
<testsuite hostname="TVDI-014" failures="0" tests="1" name="org.endpoints.StoreEndpoints" time="3.644" errors="0" timestamp="2023-05-30T17:17:24 IST" skipped="0">
  <testcase classname="org.endpoints.StoreEndpoints" name="storePost" time="3.644"/>
  <system-out/>
</testsuite> <!-- org.endpoints.StoreEndpoints -->
