<?xml version="1.0" encoding="UTF-8"?>
<!-- Generated by org.testng.reporters.JUnitReportReporter -->
<testsuite hostname="TVDI-014" failures="0" tests="5" name="org.tests.UserTest" time="13.378" errors="0" timestamp="2023-06-29T09:41:23 IST" skipped="0">
  <testcase classname="org.tests.UserTest" name="testCreateUser" time="8.486"/>
  <system-out/>
  <testcase classname="org.tests.UserTest" name="testReadUser" time="1.258"/>
  <system-out/>
  <testcase classname="org.tests.UserTest" name="testUpdateUser" time="1.164"/>
  <system-out/>
  <testcase classname="org.tests.UserTest" name="testReadUserAfterUpdate" time="1.245"/>
  <system-out/>
  <testcase classname="org.tests.UserTest" name="testDeleteUser" time="1.225"/>
  <system-out/>
</testsuite> <!-- org.tests.UserTest -->
