<?xml version="1.0" encoding="UTF-8"?>
<!-- Generated by org.testng.reporters.JUnitReportReporter -->
<testsuite hostname="TVDI-014" failures="0" tests="1" name="org.tests.PlayWright" time="18.723" errors="0" timestamp="2023-06-28T12:49:43 IST" skipped="0">
  <testcase classname="org.tests.PlayWright" name="InitalBrowserRun" time="18.723"/>
  <system-out/>
</testsuite> <!-- org.tests.PlayWright -->
