<?xml version="1.0" encoding="UTF-8"?>
<!-- Generated by org.testng.reporters.JUnitReportReporter -->
<testsuite hostname="TVDI-014" failures="0" tests="3" name="org.tests.StoreTest" time="8.450" errors="0" timestamp="2023-05-31T12:23:34 IST" skipped="0">
  <testcase classname="org.tests.StoreTest" name="testCreateUser" time="4.395"/>
  <system-out/>
  <testcase classname="org.tests.StoreTest" name="testReadUserAfterUpdate" time="1.304"/>
  <system-out/>
  <testcase classname="org.tests.StoreTest" name="testDeleteUser" time="2.751"/>
  <system-out/>
</testsuite> <!-- org.tests.StoreTest -->
