<?xml version="1.0" encoding="UTF-8"?>
<!-- Generated by org.testng.reporters.JUnitReportReporter -->
<testsuite hostname="TVDI-014" failures="0" tests="3" name="org.tests.StoreTest" time="8.604" errors="0" timestamp="2023-06-29T09:52:52 IST" skipped="0">
  <testcase classname="org.tests.StoreTest" name="testCreateUser" time="4.851"/>
  <system-out/>
  <testcase classname="org.tests.StoreTest" name="testReadUserAfterUpdate" time="1.314"/>
  <system-out/>
  <testcase classname="org.tests.StoreTest" name="testDeleteUser" time="2.439"/>
  <system-out/>
</testsuite> <!-- org.tests.StoreTest -->
