<?xml version="1.0" encoding="UTF-8"?>
<!-- Generated by org.testng.reporters.JUnitReportReporter -->
<testsuite hostname="TVDI-014" failures="0" tests="5" name="org.tests.UserTest" time="6.507" errors="0" timestamp="2023-06-29T09:52:52 IST" skipped="0">
  <testcase classname="org.tests.UserTest" name="testCreateUser" time="1.339"/>
  <system-out/>
  <testcase classname="org.tests.UserTest" name="testReadUser" time="1.285"/>
  <system-out/>
  <testcase classname="org.tests.UserTest" name="testUpdateUser" time="1.282"/>
  <system-out/>
  <testcase classname="org.tests.UserTest" name="testReadUserAfterUpdate" time="1.339"/>
  <system-out/>
  <testcase classname="org.tests.UserTest" name="testDeleteUser" time="1.262"/>
  <system-out/>
</testsuite> <!-- org.tests.UserTest -->
